<?xml version="1.0" encoding="UTF-8"?>
<om:ObservationCollection xmlns:om="http://www.opengis.net/om/1.0" xmlns:gml="http://www.opengis.net/gml" xmlns:xsi="http://www.w3.org/2001/XMLSchema-instance" xmlns:xlink="http://www.w3.org/1999/xlink" xmlns:swe="http://www.opengis.net/swe/1.0.1" xmlns:swe2="http://www.opengis.net/swe/2.0" gml:id="oc_1489130514959" xsi:schemaLocation="http://www.opengis.net/swes/2.0 http://schemas.opengis.net/swes/2.0/swes.xsd http://www.opengis.net/om/1.0 http://schemas.opengis.net/om/1.0.0/om.xsd http://www.opengis.net/gml http://schemas.opengis.net/gml/3.1.1/base/gml.xsd http://www.opengis.net/swe/1.0.1 http://schemas.opengis.net/sweCommon/1.0.1/swe.xsd">
  <gml:metaDataProperty xlink:title="disclaimer">
    <gml:GenericMetaData>
      <gml:description>Data provided without any guarantee of accuracy. Provider assumes no liability whatsoever. USE AT YOUR OWN RISK.</gml:description>
    </gml:GenericMetaData>
  </gml:metaDataProperty>
  <gml:metaDataProperty xlink:title="ioosTemplateVersion" xlink:href="http://code.google.com/p/ioostech/source/browse/#svn%2Ftrunk%2Ftemplates%2FMilestone1.0">
    <gml:version>1.0</gml:version>
  </gml:metaDataProperty>
  <gml:metaDataProperty xlink:title="softwareVersion">
    <gml:version>0.8.0-SNAPSHOT</gml:version>
  </gml:metaDataProperty>
  <gml:boundedBy>
    <gml:Envelope srsName="http://www.opengis.net/def/crs/EPSG/0/4326">
      <gml:lowerCorner>43.179 -86.336</gml:lowerCorner>
      <gml:upperCorner>43.179 -86.336</gml:upperCorner>
    </gml:Envelope>
  </gml:boundedBy>
  <om:member>
    <om:Observation>
      <gml:description>timeSeries</gml:description>
      <om:samplingTime>
        <gml:TimePeriod>
          <gml:beginPosition>2017-03-09T00:00:00.000Z</gml:beginPosition>
          <gml:endPosition>2017-03-09T23:20:00.000Z</gml:endPosition>
        </gml:TimePeriod>
      </om:samplingTime>
      <om:procedure>
        <om:Process>
          <gml:member xlink:href="urn:ioos:station:us.glos:45161"/>
        </om:Process>
      </om:procedure>
      <om:observedProperty>
        <swe:CompositePhenomenon dimension="1" gml:id="observedproperties">
          <gml:name>Response Observed Properties</gml:name>
          <swe:component xlink:href="http://mmisw.org/ont/cf/parameter/air_temperature"/>
        </swe:CompositePhenomenon>
      </om:observedProperty>
      <om:featureOfInterest>
        <gml:FeatureCollection>
          <gml:metaDataProperty xlink:title="featureType">
            <gml:GenericMetaData>
              <gml:name codeSpace="http://cf-pcmdi.llnl.gov/documents/cf-conventions/1.6/cf-conventions.html#discrete-sampling-geometries">timeSeries</gml:name>
            </gml:GenericMetaData>
          </gml:metaDataProperty>
          <gml:boundedBy>
            <gml:Envelope srsName="http://www.opengis.net/def/crs/EPSG/0/4326">
              <gml:lowerCorner>43.179 -86.336</gml:lowerCorner>
              <gml:upperCorner>43.179 -86.336</gml:upperCorner>
            </gml:Envelope>
          </gml:boundedBy>
          <gml:location>
            <gml:MultiPoint srsName="http://www.opengis.net/def/crs/EPSG/0/4326">
              <gml:pointMembers>
                <gml:Point>
                  <gml:name>urn:ioos:station:us.glos:45161</gml:name>
                  <gml:pos>43.179 -86.336</gml:pos>
                </gml:Point>
              </gml:pointMembers>
            </gml:MultiPoint>
          </gml:location>
        </gml:FeatureCollection>
      </om:featureOfInterest>
      <om:result>
        <swe2:DataRecord definition="http://mmisw.org/ont/ioos/swe_element_type/observationRecord">
          <swe2:field name="stations">
            <swe2:DataRecord definition="http://mmisw.org/ont/ioos/swe_element_type/stations">
              <swe2:field name="us.glos_45161">
                <swe2:DataRecord id="us.glos_45161_timeseries" definition="http://mmisw.org/ont/ioos/swe_element_type/station">
                  <swe2:field name="stationID">
                    <swe2:Text definition="http://mmisw.org/ont/ioos/definition/stationID">
                      <swe2:value>urn:ioos:station:us.glos:45161</swe2:value>
                    </swe2:Text>
                  </swe2:field>
                  <swe2:field name="platformLocation">
                    <swe2:Vector definition="http://www.opengis.net/def/property/OGC/0/PlatformLocation" referenceFrame="http://www.opengis.net/def/crs-compound?1=http://www.opengis.net/def/crs/EPSG/0/4326&amp;2=http://www.opengis.net/def/crs/EPSG/0/5829" localFrame="#us.glos_45161_frame">
                      <swe2:coordinate name="latitude">
                        <swe2:Quantity definition="http://mmisw.org/ont/cf/parameter/latitude" axisID="Lat">
                          <swe2:uom code="deg"/>
                          <swe2:value>43.179</swe2:value>
                        </swe2:Quantity>
                      </swe2:coordinate>
                      <swe2:coordinate name="longitude">
                        <swe2:Quantity definition="http://mmisw.org/ont/cf/parameter/longitude" axisID="Lon">
                          <swe2:uom code="deg"/>
                          <swe2:value>-86.336</swe2:value>
                        </swe2:Quantity>
                      </swe2:coordinate>
                      <swe2:coordinate name="height">
                        <swe2:Quantity definition="http://mmisw.org/ont/cf/parameter/height" axisID="Z">
                          <swe2:uom code="m"/>
                        </swe2:Quantity>
                      </swe2:coordinate>
                    </swe2:Vector>
                  </swe2:field>
                  <swe2:field name="sensors">
                    <swe2:DataRecord definition="http://mmisw.org/ont/ioos/swe_element_type/sensors">
                      <swe2:field name="us.glos_45161_air_temperature">
                        <swe2:DataRecord id="us.glos_45161_air_temperature" definition="http://mmisw.org/ont/ioos/swe_element_type/sensor">
                          <swe2:field name="sensorID">
                            <swe2:Text definition="http://mmisw.org/ont/ioos/definition/sensorID">
                              <swe2:value>urn:ioos:sensor:us.glos:45161:air_temperature</swe2:value>
                            </swe2:Text>
                          </swe2:field>
                          <swe2:field name="height">
                            <swe2:Quantity definition="http://mmisw.org/ont/cf/parameter/height" axisID="Z" referenceFrame="#us.glos_45161_frame">
                              <swe2:uom code="m"/>
                            </swe2:Quantity>
                          </swe2:field>
                        </swe2:DataRecord>
                      </swe2:field>
                    </swe2:DataRecord>
                  </swe2:field>
                </swe2:DataRecord>
              </swe2:field>
            </swe2:DataRecord>
          </swe2:field>
          <swe2:field name="observationData">
            <swe2:DataArray definition="http://mmisw.org/ont/ioos/swe_element_type/sensorObservationCollection">
              <swe2:elementCount>
                <swe2:Count>
                  <swe2:value>71</swe2:value>
                </swe2:Count>
              </swe2:elementCount>
              <swe2:elementType name="observations">
                <swe2:DataRecord definition="http://mmisw.org/ont/ioos/swe_element_type/sensorObservations">
                  <swe2:field name="time">
                    <swe2:Time definition="http://www.opengis.net/def/property/OGC/0/SamplingTime">
                      <swe2:uom xlink:href="http://www.opengis.net/def/uom/ISO-8601/0/Gregorian"/>
                    </swe2:Time>
                  </swe2:field>
                  <swe2:field name="sensor">
                    <swe2:DataChoice definition="http://mmisw.org/ont/ioos/swe_element_type/sensors">
                      <swe2:item name="us.glos_45161_air_temperature">
                        <swe2:DataRecord definition="http://mmisw.org/ont/ioos/swe_element_type/sensor">
                          <swe2:field name="air_temperature">
                            <swe2:Quantity definition="http://mmisw.org/ont/cf/parameter/air_temperature">
                              <swe2:uom xlink:href="urn:ogc:def:uom:udunits:2:Cel"/>
                            </swe2:Quantity>
                          </swe2:field>
                        </swe2:DataRecord>
                      </swe2:item>
                      <swe2:item name="dummy_item"/>
                    </swe2:DataChoice>
                  </swe2:field>
                </swe2:DataRecord>
              </swe2:elementType>
              <swe2:encoding>
                <swe2:TextEncoding decimalSeparator="." tokenSeparator="," blockSeparator="&#10;"/>
              </swe2:encoding>
              <swe2:values>2017-03-09T00:00:00.000Z,us.glos_45161_air_temperature,21.28
2017-03-09T00:20:00.000Z,us.glos_45161_air_temperature,21.08
2017-03-09T00:40:00.000Z,us.glos_45161_air_temperature,20.87
2017-03-09T01:00:00.000Z,us.glos_45161_air_temperature,20.76
2017-03-09T01:20:00.000Z,us.glos_45161_air_temperature,20.60
2017-03-09T01:40:00.000Z,us.glos_45161_air_temperature,20.44
2017-03-09T02:00:00.000Z,us.glos_45161_air_temperature,20.30
2017-03-09T02:20:00.000Z,us.glos_45161_air_temperature,20.15
2017-03-09T02:40:00.000Z,us.glos_45161_air_temperature,20.00
2017-03-09T03:00:00.000Z,us.glos_45161_air_temperature,19.89
2017-03-09T03:20:00.000Z,us.glos_45161_air_temperature,19.77
2017-03-09T03:40:00.000Z,us.glos_45161_air_temperature,19.66
2017-03-09T04:00:00.000Z,us.glos_45161_air_temperature,19.56
2017-03-09T04:20:00.000Z,us.glos_45161_air_temperature,19.46
2017-03-09T04:40:00.000Z,us.glos_45161_air_temperature,19.35
2017-03-09T05:00:00.000Z,us.glos_45161_air_temperature,19.26
2017-03-09T05:20:00.000Z,us.glos_45161_air_temperature,19.18
2017-03-09T05:40:00.000Z,us.glos_45161_air_temperature,19.07
2017-03-09T06:00:00.000Z,us.glos_45161_air_temperature,19.02
2017-03-09T06:20:00.000Z,us.glos_45161_air_temperature,19.58
2017-03-09T06:40:00.000Z,us.glos_45161_air_temperature,19.51
2017-03-09T07:00:00.000Z,us.glos_45161_air_temperature,19.29
2017-03-09T07:20:00.000Z,us.glos_45161_air_temperature,19.11
2017-03-09T07:40:00.000Z,us.glos_45161_air_temperature,19.61
2017-03-09T08:00:00.000Z,us.glos_45161_air_temperature,19.61
2017-03-09T08:20:00.000Z,us.glos_45161_air_temperature,19.98
2017-03-09T08:40:00.000Z,us.glos_45161_air_temperature,19.62
2017-03-09T09:00:00.000Z,us.glos_45161_air_temperature,19.30
2017-03-09T09:20:00.000Z,us.glos_45161_air_temperature,19.45
2017-03-09T09:40:00.000Z,us.glos_45161_air_temperature,19.56
2017-03-09T10:00:00.000Z,us.glos_45161_air_temperature,19.26
2017-03-09T10:20:00.000Z,us.glos_45161_air_temperature,19.83
2017-03-09T10:40:00.000Z,us.glos_45161_air_temperature,19.56
2017-03-09T11:00:00.000Z,us.glos_45161_air_temperature,21.46
2017-03-09T11:20:00.000Z,us.glos_45161_air_temperature,24.48
2017-03-09T11:40:00.000Z,us.glos_45161_air_temperature,26.03
2017-03-09T12:00:00.000Z,us.glos_45161_air_temperature,25.00
2017-03-09T12:20:00.000Z,us.glos_45161_air_temperature,25.54
2017-03-09T12:40:00.000Z,us.glos_45161_air_temperature,25.17
2017-03-09T13:00:00.000Z,us.glos_45161_air_temperature,22.87
2017-03-09T13:20:00.000Z,us.glos_45161_air_temperature,21.89
2017-03-09T13:40:00.000Z,us.glos_45161_air_temperature,21.46
2017-03-09T14:00:00.000Z,us.glos_45161_air_temperature,21.17
2017-03-09T14:20:00.000Z,us.glos_45161_air_temperature,21.02
2017-03-09T14:40:00.000Z,us.glos_45161_air_temperature,20.91
2017-03-09T15:00:00.000Z,us.glos_45161_air_temperature,20.86
2017-03-09T15:20:00.000Z,us.glos_45161_air_temperature,20.83
2017-03-09T15:40:00.000Z,us.glos_45161_air_temperature,20.30
2017-03-09T16:00:00.000Z,us.glos_45161_air_temperature,20.29
2017-03-09T16:20:00.000Z,us.glos_45161_air_temperature,20.43
2017-03-09T16:40:00.000Z,us.glos_45161_air_temperature,20.56
2017-03-09T17:00:00.000Z,us.glos_45161_air_temperature,20.64
2017-03-09T17:20:00.000Z,us.glos_45161_air_temperature,20.70
2017-03-09T17:40:00.000Z,us.glos_45161_air_temperature,20.72
2017-03-09T18:00:00.000Z,us.glos_45161_air_temperature,20.73
2017-03-09T18:20:00.000Z,us.glos_45161_air_temperature,20.74
2017-03-09T18:40:00.000Z,us.glos_45161_air_temperature,20.75
2017-03-09T19:00:00.000Z,us.glos_45161_air_temperature,20.74
2017-03-09T19:20:00.000Z,us.glos_45161_air_temperature,20.73
2017-03-09T19:40:00.000Z,us.glos_45161_air_temperature,20.73
2017-03-09T20:00:00.000Z,us.glos_45161_air_temperature,20.73
2017-03-09T20:20:00.000Z,us.glos_45161_air_temperature,20.72
2017-03-09T20:40:00.000Z,us.glos_45161_air_temperature,20.67
2017-03-09T21:00:00.000Z,us.glos_45161_air_temperature,20.62
2017-03-09T21:20:00.000Z,us.glos_45161_air_temperature,20.65
2017-03-09T21:40:00.000Z,us.glos_45161_air_temperature,20.65
2017-03-09T22:00:00.000Z,us.glos_45161_air_temperature,20.62
2017-03-09T22:20:00.000Z,us.glos_45161_air_temperature,20.60
2017-03-09T22:40:00.000Z,us.glos_45161_air_temperature,20.58
2017-03-09T23:00:00.000Z,us.glos_45161_air_temperature,20.52
2017-03-09T23:20:00.000Z,us.glos_45161_air_temperature,20.45</swe2:values>
            </swe2:DataArray>
          </swe2:field>
        </swe2:DataRecord>
      </om:result>
    </om:Observation>
  </om:member>
</om:ObservationCollection>